#
# There is insufficient memory for the Java Runtime Environment to continue.
# Native memory allocation (malloc) failed to allocate 32784 bytes for Chunk::new
# Possible reasons:
#   The system is out of physical RAM or swap space
#   In 32 bit mode, the process size limit was hit
# Possible solutions:
#   Reduce memory load on the system
#   Increase physical memory or swap space
#   Check if swap backing store is full
#   Use 64 bit Java on a 64 bit OS
#   Decrease Java heap size (-Xmx/-Xms)
#   Decrease number of Java threads
#   Decrease Java thread stack sizes (-Xss)
#   Set larger code cache with -XX:ReservedCodeCacheSize=
# This output file may be truncated or incomplete.
#
#  Out of Memory Error (allocation.cpp:390), pid=7124, tid=5936
#
# JRE version: Java(TM) SE Runtime Environment (8.0_72-b15) (build 1.8.0_72-b15)
# Java VM: Java HotSpot(TM) 64-Bit Server VM (25.72-b15 mixed mode windows-amd64 compressed oops)
# Failed to write core dump. Minidumps are not enabled by default on client versions of Windows
#

---------------  T H R E A D  ---------------

Current thread (0x0000000054d46000):  JavaThread "C2 CompilerThread0" daemon [_thread_in_native, id=5936, stack(0x0000000055d80000,0x0000000055e80000)]

Stack: [0x0000000055d80000,0x0000000055e80000]
[error occurred during error reporting (printing stack bounds), id 0xc0000005]

Native frames: (J=compiled Java code, j=interpreted, Vv=VM code, C=native code)


Current CompileTask:
C2:2313605 9540       4       org.gradle.internal.dispatch.ProxyDispatchAdapter$DispatchingInvocationHandler::invoke (185 bytes)


---------------  P R O C E S S  ---------------

Java Threads: ( => current thread )
  0x00000000598e4000 JavaThread "pool-5-thread-1" [_thread_new, id=7956, stack(0x0000000000000000,0x0000000000000000)]
  0x000000005a102800 JavaThread "stdout" daemon [_thread_in_native, id=284, stack(0x0000000064a50000,0x0000000064b50000)]
  0x000000005a102000 JavaThread "stderr" daemon [_thread_in_native, id=7712, stack(0x00000000647c0000,0x00000000648c0000)]
  0x000000005a101000 JavaThread "stdout" daemon [_thread_in_native, id=6836, stack(0x00000000646a0000,0x00000000647a0000)]
  0x000000005a100800 JavaThread "stderr" daemon [_thread_in_native, id=1408, stack(0x00000000637d0000,0x00000000638d0000)]
  0x000000005a0ff800 JavaThread "stdout" daemon [_thread_in_native, id=7980, stack(0x0000000063c40000,0x0000000063d40000)]
  0x000000005a0ff000 JavaThread "stderr" daemon [_thread_in_native, id=6552, stack(0x0000000064500000,0x0000000064600000)]
  0x000000005a0fe000 JavaThread "stdout" daemon [_thread_in_native, id=7596, stack(0x00000000643b0000,0x00000000644b0000)]
  0x000000005b392800 JavaThread "stderr" daemon [_thread_in_native, id=6728, stack(0x0000000064270000,0x0000000064370000)]
  0x000000005b392000 JavaThread "stdout" daemon [_thread_in_native, id=7768, stack(0x0000000064140000,0x0000000064240000)]
  0x000000005b391000 JavaThread "stderr" daemon [_thread_in_native, id=5324, stack(0x00000000639e0000,0x0000000063ae0000)]
  0x000000005b390000 JavaThread "stdout" daemon [_thread_in_native, id=6704, stack(0x0000000063f70000,0x0000000064070000)]
  0x000000005b38f800 JavaThread "stderr" daemon [_thread_in_native, id=6492, stack(0x0000000063da0000,0x0000000063ea0000)]
  0x000000005b38e800 JavaThread "stdout" daemon [_thread_in_native, id=7248, stack(0x0000000063ae0000,0x0000000063be0000)]
  0x000000005b38e000 JavaThread "stderr" daemon [_thread_in_native, id=7280, stack(0x0000000062fd0000,0x00000000630d0000)]
  0x000000005b38d000 JavaThread "stdout" daemon [_thread_in_native, id=7164, stack(0x00000000638e0000,0x00000000639e0000)]
  0x000000005b38c800 JavaThread "stderr" daemon [_thread_in_native, id=340, stack(0x00000000636d0000,0x00000000637d0000)]
  0x000000005b38b800 JavaThread "stdout" daemon [_thread_in_native, id=7364, stack(0x0000000063590000,0x0000000063690000)]
  0x00000000598e7000 JavaThread "stderr" daemon [_thread_in_native, id=1144, stack(0x00000000633b0000,0x00000000634b0000)]
  0x00000000598e6800 JavaThread "stdout" daemon [_thread_in_native, id=7192, stack(0x0000000063280000,0x0000000063380000)]
  0x00000000598e5800 JavaThread "stderr" daemon [_thread_in_native, id=6468, stack(0x00000000630e0000,0x00000000631e0000)]
  0x00000000598e3000 JavaThread "stdout" daemon [_thread_in_native, id=6528, stack(0x0000000062b40000,0x0000000062c40000)]
  0x00000000598e2800 JavaThread "stderr" daemon [_thread_in_native, id=8000, stack(0x0000000062a00000,0x0000000062b00000)]
  0x00000000598e1800 JavaThread "stdout" daemon [_thread_in_native, id=4780, stack(0x0000000062680000,0x0000000062780000)]
  0x00000000598e1000 JavaThread "stderr" daemon [_thread_in_native, id=6884, stack(0x0000000062830000,0x0000000062930000)]
  0x00000000598e0000 JavaThread "stdout" daemon [_thread_in_native, id=8056, stack(0x0000000062570000,0x0000000062670000)]
  0x0000000057c2b000 JavaThread "stderr" daemon [_thread_in_native, id=7512, stack(0x0000000062210000,0x0000000062310000)]
  0x0000000057c2a000 JavaThread "png-cruncher_20" daemon [_thread_blocked, id=5712, stack(0x0000000062380000,0x0000000062480000)]
  0x0000000057c29800 JavaThread "png-cruncher_19" daemon [_thread_blocked, id=7068, stack(0x0000000062100000,0x0000000062200000)]
  0x0000000057c28800 JavaThread "png-cruncher_18" daemon [_thread_blocked, id=4896, stack(0x0000000061f70000,0x0000000062070000)]
  0x0000000057c28000 JavaThread "png-cruncher_17" daemon [_thread_blocked, id=4988, stack(0x0000000061db0000,0x0000000061eb0000)]
  0x0000000057c27000 JavaThread "png-cruncher_16" daemon [_thread_blocked, id=644, stack(0x0000000061ad0000,0x0000000061bd0000)]
  0x0000000057c26800 JavaThread "png-cruncher_15" daemon [_thread_blocked, id=6804, stack(0x0000000061c00000,0x0000000061d00000)]
  0x0000000057c25800 JavaThread "png-cruncher_14" daemon [_thread_blocked, id=2388, stack(0x00000000616e0000,0x00000000617e0000)]
  0x0000000057c25000 JavaThread "png-cruncher_13" daemon [_thread_blocked, id=7984, stack(0x0000000061950000,0x0000000061a50000)]
  0x0000000057c24000 JavaThread "png-cruncher_12" daemon [_thread_blocked, id=2728, stack(0x0000000061800000,0x0000000061900000)]
  0x000000005b578000 JavaThread "png-cruncher_11" daemon [_thread_blocked, id=6132, stack(0x00000000615a0000,0x00000000616a0000)]
  0x000000005b577800 JavaThread "png-cruncher_10" daemon [_thread_blocked, id=1376, stack(0x0000000061310000,0x0000000061410000)]
  0x000000005b576800 JavaThread "png-cruncher_9" daemon [_thread_blocked, id=5200, stack(0x0000000061480000,0x0000000061580000)]
  0x000000005b576000 JavaThread "png-cruncher_8" daemon [_thread_blocked, id=6212, stack(0x0000000060ff0000,0x00000000610f0000)]
  0x000000005b575000 JavaThread "png-cruncher_7" daemon [_thread_blocked, id=7908, stack(0x0000000061190000,0x0000000061290000)]
  0x000000005b574800 JavaThread "png-cruncher_6" daemon [_thread_blocked, id=6692, stack(0x0000000060ea0000,0x0000000060fa0000)]
  0x000000005b573800 JavaThread "stdout" daemon [_thread_in_native, id=6848, stack(0x0000000060cc0000,0x0000000060dc0000)]
  0x000000005b573000 JavaThread "stderr" daemon [_thread_in_native, id=2596, stack(0x0000000060870000,0x0000000060970000)]
  0x000000005b572000 JavaThread "stdout" daemon [_thread_in_native, id=7460, stack(0x0000000060b70000,0x0000000060c70000)]
  0x000000005b571800 JavaThread "stderr" daemon [_thread_in_native, id=7568, stack(0x00000000609a0000,0x0000000060aa0000)]
  0x0000000059efd800 JavaThread "stdout" daemon [_thread_blocked, id=7376, stack(0x00000000606c0000,0x00000000607c0000)]
  0x0000000059efd000 JavaThread "stderr" daemon [_thread_in_native, id=6356, stack(0x0000000060530000,0x0000000060630000)]
  0x0000000059efc000 JavaThread "stdout" daemon [_thread_in_native, id=7812, stack(0x0000000060370000,0x0000000060470000)]
  0x0000000059efb800 JavaThread "stderr" daemon [_thread_in_native, id=4588, stack(0x00000000601f0000,0x00000000602f0000)]
  0x0000000059efa800 JavaThread "stdout" daemon [_thread_in_native, id=4584, stack(0x0000000060040000,0x0000000060140000)]
  0x0000000059efa000 JavaThread "stderr" daemon [_thread_in_native, id=7888, stack(0x0000000058dd0000,0x0000000058ed0000)]
  0x0000000059ef9000 JavaThread "png-cruncher_5" daemon [_thread_blocked, id=6108, stack(0x0000000057000000,0x0000000057100000)]
  0x0000000059ef8800 JavaThread "png-cruncher_4" daemon [_thread_blocked, id=8048, stack(0x000000005fec0000,0x000000005ffc0000)]
  0x0000000059ef7800 JavaThread "png-cruncher_3" daemon [_thread_blocked, id=2368, stack(0x000000005fda0000,0x000000005fea0000)]
  0x0000000059ef7000 JavaThread "png-cruncher_2" daemon [_thread_blocked, id=4792, stack(0x000000005f8c0000,0x000000005f9c0000)]
  0x000000005a254800 JavaThread "png-cruncher_1" daemon [_thread_blocked, id=6236, stack(0x000000005fc80000,0x000000005fd80000)]
  0x000000005a253000 JavaThread "pool-3-thread-2" [_thread_blocked, id=7136, stack(0x000000005a6d0000,0x000000005a7d0000)]
  0x000000005a253800 JavaThread "pool-3-thread-1" [_thread_blocked, id=2476, stack(0x000000005d480000,0x000000005d580000)]
  0x000000005a251800 JavaThread "Asynchronous log dispatcher for org.gradle.launcher.daemon.server.DefaultDaemonConnection@496ade96" [_thread_blocked, id=7400, stack(0x000000005f790000,0x000000005f890000)]
  0x000000005a24e800 JavaThread "Cancel handler" [_thread_blocked, id=7620, stack(0x000000005dbb0000,0x000000005dcb0000)]
  0x000000005a250800 JavaThread "Handler for socket connection from /127.0.0.1:62391 to /127.0.0.1:64700" [_thread_in_native, id=7012, stack(0x000000005bd60000,0x000000005be60000)]
  0x000000005a252000 JavaThread "Daemon worker Thread 2" [_thread_in_native, id=5016, stack(0x0000000058b80000,0x0000000058c80000)]
  0x000000005a250000 JavaThread "Daemon Thread 2" [_thread_blocked, id=204, stack(0x0000000058a50000,0x0000000058b50000)]
  0x000000005a24f000 JavaThread "pool-2-thread-1" [_thread_blocked, id=4712, stack(0x0000000058cc0000,0x0000000058dc0000)]
  0x000000005a24d800 JavaThread "File lock request listener" [_thread_in_native, id=7236, stack(0x000000005a7e0000,0x000000005a8e0000)]
  0x000000005730f800 JavaThread "Incoming local TCP Connector on port 62391" [_thread_in_native, id=1280, stack(0x0000000058500000,0x0000000058600000)]
  0x000000005669d800 JavaThread "pool-1-thread-1" [_thread_blocked, id=5060, stack(0x0000000058320000,0x0000000058420000)]
  0x0000000054d9c800 JavaThread "Service Thread" daemon [_thread_blocked, id=7348, stack(0x0000000055f30000,0x0000000056030000)]
  0x0000000054d58800 JavaThread "C1 CompilerThread1" daemon [_thread_blocked, id=4716, stack(0x0000000056050000,0x0000000056150000)]
=>0x0000000054d46000 JavaThread "C2 CompilerThread0" daemon [_thread_in_native, id=5936, stack(0x0000000055d80000,0x0000000055e80000)]
  0x0000000054d44800 JavaThread "Attach Listener" daemon [_thread_blocked, id=5376, stack(0x0000000055ae0000,0x0000000055be0000)]
  0x0000000054d33000 JavaThread "Signal Dispatcher" daemon [_thread_blocked, id=7832, stack(0x0000000055c40000,0x0000000055d40000)]
  0x0000000054d1f000 JavaThread "Finalizer" daemon [_thread_blocked, id=4980, stack(0x0000000055970000,0x0000000055a70000)]
  0x0000000054cd5800 JavaThread "Reference Handler" daemon [_thread_blocked, id=5728, stack(0x0000000055670000,0x0000000055770000)]
  0x0000000001bde800 JavaThread "main" [_thread_blocked, id=7656, stack(0x00000000022e0000,0x00000000023e0000)]

Other Threads:
  0x0000000054ccd800 VMThread [stack: 0x0000000055790000,0x0000000055890000] [id=5912]
  0x000000005618d000 WatcherThread [stack: 0x0000000056590000,0x0000000056690000] [id=588]

VM state:not at safepoint (normal execution)

VM Mutex/Monitor currently owned by a thread: None

Heap:
 PSYoungGen      total 237056K, used 189942K [0x00000000eab00000, 0x00000000fb280000, 0x0000000100000000)
  eden space 221696K, 85% used [0x00000000eab00000,0x00000000f647d840,0x00000000f8380000)
  from space 15360K, 0% used [0x00000000f8380000,0x00000000f8380000,0x00000000f9280000)
  to   space 22016K, 0% used [0x00000000f9d00000,0x00000000f9d00000,0x00000000fb280000)
 ParOldGen       total 52736K, used 42659K [0x00000000c0000000, 0x00000000c3380000, 0x00000000eab00000)
  object space 52736K, 80% used [0x00000000c0000000,0x00000000c29a8e08,0x00000000c3380000)
 Metaspace       used 60796K, capacity 63318K, committed 63616K, reserved 1103872K
  class space    used 8242K, capacity 8726K, committed 8832K, reserved 1048576K

Card table byte_map: [0x0000000011a70000,0x0000000011c80000] byte_map_base: 0x0000000011470000

Marking Bits: (ParMarkBitMap*) 0x000000005e500600
 Begin Bits: [0x00000000121a0000, 0x00000000131a0000)
 End Bits:   [0x00000000131a0000, 0x00000000141a0000)

Polling page: 0x0000000000430000

CodeCache: size=245760Kb used=28011Kb max_used=28490Kb free=217748Kb
 bounds [0x00000000026b0000, 0x00000000042b0000, 0x00000000116b0000]
 total_blobs=8856 nmethods=8111 adapters=656
 compilation: enabled

Compilation events (10 events):
Event: 2312.107 Thread 0x0000000054d58800 nmethod 9535 0x0000000004063690 code [0x0000000004063a40, 0x00000000040658c8]
Event: 2313.193 Thread 0x0000000054d58800 9539       3       org.gradle.internal.io.LineBufferingOutputStream::endsWithLineSeparator (61 bytes)
Event: 2313.193 Thread 0x0000000054d46000 9540       4       org.gradle.internal.dispatch.ProxyDispatchAdapter$DispatchingInvocationHandler::invoke (185 bytes)
Event: 2313.194 Thread 0x0000000054d58800 nmethod 9539 0x00000000040630d0 code [0x0000000004063240, 0x0000000004063530]
Event: 2313.194 Thread 0x0000000054d58800 9538       3       org.gradle.internal.io.LineBufferingOutputStream::write (97 bytes)
Event: 2313.195 Thread 0x0000000054d58800 nmethod 9538 0x0000000003fb4450 code [0x0000000003fb4600, 0x0000000003fb4ab8]
Event: 2313.195 Thread 0x0000000054d58800 9537       1       java.util.Collections$SingletonList::size (2 bytes)
Event: 2313.195 Thread 0x0000000054d58800 nmethod 9537 0x0000000002d56dd0 code [0x0000000002d56f20, 0x0000000002d57030]
Event: 2313.195 Thread 0x0000000054d58800 9536       3       java.util.concurrent.locks.LockSupport::unpark (12 bytes)
Event: 2313.195 Thread 0x0000000054d58800 nmethod 9536 0x0000000004062c50 code [0x0000000004062dc0, 0x0000000004062fe8]

GC Heap History (10 events):
Event: 74.362 GC heap before
{Heap before GC invocations=15 (full 3):
 PSYoungGen      total 185344K, used 5177K [0x00000000eab00000, 0x00000000f6c80000, 0x0000000100000000)
  eden space 173568K, 0% used [0x00000000eab00000,0x00000000eab00000,0x00000000f5480000)
  from space 11776K, 43% used [0x00000000f6100000,0x00000000f660e6e0,0x00000000f6c80000)
  to   space 12288K, 0% used [0x00000000f5480000,0x00000000f5480000,0x00000000f6080000)
 ParOldGen       total 52736K, used 25413K [0x00000000c0000000, 0x00000000c3380000, 0x00000000eab00000)
  object space 52736K, 48% used [0x00000000c0000000,0x00000000c18d1570,0x00000000c3380000)
 Metaspace       used 47770K, capacity 48858K, committed 48896K, reserved 1091584K
  class space    used 6361K, capacity 6634K, committed 6656K, reserved 1048576K
Event: 75.039 GC heap after
Heap after GC invocations=15 (full 3):
 PSYoungGen      total 185344K, used 0K [0x00000000eab00000, 0x00000000f6c80000, 0x0000000100000000)
  eden space 173568K, 0% used [0x00000000eab00000,0x00000000eab00000,0x00000000f5480000)
  from space 11776K, 0% used [0x00000000f6100000,0x00000000f6100000,0x00000000f6c80000)
  to   space 12288K, 0% used [0x00000000f5480000,0x00000000f5480000,0x00000000f6080000)
 ParOldGen       total 52736K, used 24892K [0x00000000c0000000, 0x00000000c3380000, 0x00000000eab00000)
  object space 52736K, 47% used [0x00000000c0000000,0x00000000c184f3b0,0x00000000c3380000)
 Metaspace       used 47751K, capacity 48836K, committed 48896K, reserved 1091584K
  class space    used 6355K, capacity 6628K, committed 6656K, reserved 1048576K
}
Event: 2152.306 GC heap before
{Heap before GC invocations=16 (full 3):
 PSYoungGen      total 185344K, used 173568K [0x00000000eab00000, 0x00000000f6c80000, 0x0000000100000000)
  eden space 173568K, 100% used [0x00000000eab00000,0x00000000f5480000,0x00000000f5480000)
  from space 11776K, 0% used [0x00000000f6100000,0x00000000f6100000,0x00000000f6c80000)
  to   space 12288K, 0% used [0x00000000f5480000,0x00000000f5480000,0x00000000f6080000)
 ParOldGen       total 52736K, used 24892K [0x00000000c0000000, 0x00000000c3380000, 0x00000000eab00000)
  object space 52736K, 47% used [0x00000000c0000000,0x00000000c184f3b0,0x00000000c3380000)
 Metaspace       used 48708K, capacity 50038K, committed 50304K, reserved 1093632K
  class space    used 6415K, capacity 6697K, committed 6784K, reserved 1048576K
Event: 2152.625 GC heap after
Heap after GC invocations=16 (full 3):
 PSYoungGen      total 185856K, used 3296K [0x00000000eab00000, 0x00000000f9e80000, 0x0000000100000000)
  eden space 173568K, 0% used [0x00000000eab00000,0x00000000eab00000,0x00000000f5480000)
  from space 12288K, 26% used [0x00000000f5480000,0x00000000f57b8000,0x00000000f6080000)
  to   space 12288K, 0% used [0x00000000f9280000,0x00000000f9280000,0x00000000f9e80000)
 ParOldGen       total 52736K, used 24900K [0x00000000c0000000, 0x00000000c3380000, 0x00000000eab00000)
  object space 52736K, 47% used [0x00000000c0000000,0x00000000c18513b0,0x00000000c3380000)
 Metaspace       used 48708K, capacity 50038K, committed 50304K, reserved 1093632K
  class space    used 6415K, capacity 6697K, committed 6784K, reserved 1048576K
}
Event: 2173.627 GC heap before
{Heap before GC invocations=17 (full 3):
 PSYoungGen      total 185856K, used 176864K [0x00000000eab00000, 0x00000000f9e80000, 0x0000000100000000)
  eden space 173568K, 100% used [0x00000000eab00000,0x00000000f5480000,0x00000000f5480000)
  from space 12288K, 26% used [0x00000000f5480000,0x00000000f57b8000,0x00000000f6080000)
  to   space 12288K, 0% used [0x00000000f9280000,0x00000000f9280000,0x00000000f9e80000)
 ParOldGen       total 52736K, used 24900K [0x00000000c0000000, 0x00000000c3380000, 0x00000000eab00000)
  object space 52736K, 47% used [0x00000000c0000000,0x00000000c18513b0,0x00000000c3380000)
 Metaspace       used 53595K, capacity 55276K, committed 55424K, reserved 1097728K
  class space    used 7145K, capacity 7500K, committed 7552K, reserved 1048576K
Event: 2173.980 GC heap after
Heap after GC invocations=17 (full 3):
 PSYoungGen      total 233984K, used 12261K [0x00000000eab00000, 0x00000000fa580000, 0x0000000100000000)
  eden space 221696K, 0% used [0x00000000eab00000,0x00000000eab00000,0x00000000f8380000)
  from space 12288K, 99% used [0x00000000f9280000,0x00000000f9e79410,0x00000000f9e80000)
  to   space 15360K, 0% used [0x00000000f8380000,0x00000000f8380000,0x00000000f9280000)
 ParOldGen       total 52736K, used 28787K [0x00000000c0000000, 0x00000000c3380000, 0x00000000eab00000)
  object space 52736K, 54% used [0x00000000c0000000,0x00000000c1c1cd98,0x00000000c3380000)
 Metaspace       used 53595K, capacity 55276K, committed 55424K, reserved 1097728K
  class space    used 7145K, capacity 7500K, committed 7552K, reserved 1048576K
}
Event: 2184.077 GC heap before
{Heap before GC invocations=18 (full 3):
 PSYoungGen      total 233984K, used 146823K [0x00000000eab00000, 0x00000000fa580000, 0x0000000100000000)
  eden space 221696K, 60% used [0x00000000eab00000,0x00000000f2e68b90,0x00000000f8380000)
  from space 12288K, 99% used [0x00000000f9280000,0x00000000f9e79410,0x00000000f9e80000)
  to   space 15360K, 0% used [0x00000000f8380000,0x00000000f8380000,0x00000000f9280000)
 ParOldGen       total 52736K, used 28787K [0x00000000c0000000, 0x00000000c3380000, 0x00000000eab00000)
  object space 52736K, 54% used [0x00000000c0000000,0x00000000c1c1cd98,0x00000000c3380000)
 Metaspace       used 57264K, capacity 59694K, committed 59776K, reserved 1101824K
  class space    used 7806K, capacity 8302K, committed 8320K, reserved 1048576K
Event: 2184.739 GC heap after
Heap after GC invocations=18 (full 3):
 PSYoungGen      total 237056K, used 15352K [0x00000000eab00000, 0x00000000fb280000, 0x0000000100000000)
  eden space 221696K, 0% used [0x00000000eab00000,0x00000000eab00000,0x00000000f8380000)
  from space 15360K, 99% used [0x00000000f8380000,0x00000000f927e220,0x00000000f9280000)
  to   space 22016K, 0% used [0x00000000f9d00000,0x00000000f9d00000,0x00000000fb280000)
 ParOldGen       total 52736K, used 40343K [0x00000000c0000000, 0x00000000c3380000, 0x00000000eab00000)
  object space 52736K, 76% used [0x00000000c0000000,0x00000000c2765ee0,0x00000000c3380000)
 Metaspace       used 57264K, capacity 59694K, committed 59776K, reserved 1101824K
  class space    used 7806K, capacity 8302K, committed 8320K, reserved 1048576K
}
Event: 2184.740 GC heap before
{Heap before GC invocations=19 (full 4):
 PSYoungGen      total 237056K, used 15352K [0x00000000eab00000, 0x00000000fb280000, 0x0000000100000000)
  eden space 221696K, 0% used [0x00000000eab00000,0x00000000eab00000,0x00000000f8380000)
  from space 15360K, 99% used [0x00000000f8380000,0x00000000f927e220,0x00000000f9280000)
  to   space 22016K, 0% used [0x00000000f9d00000,0x00000000f9d00000,0x00000000fb280000)
 ParOldGen       total 52736K, used 40343K [0x00000000c0000000, 0x00000000c3380000, 0x00000000eab00000)
  object space 52736K, 76% used [0x00000000c0000000,0x00000000c2765ee0,0x00000000c3380000)
 Metaspace       used 57264K, capacity 59694K, committed 59776K, reserved 1101824K
  class space    used 7806K, capacity 8302K, committed 8320K, reserved 1048576K
Event: 2186.055 GC heap after
Heap after GC invocations=19 (full 4):
 PSYoungGen      total 237056K, used 0K [0x00000000eab00000, 0x00000000fb280000, 0x0000000100000000)
  eden space 221696K, 0% used [0x00000000eab00000,0x00000000eab00000,0x00000000f8380000)
  from space 15360K, 0% used [0x00000000f8380000,0x00000000f8380000,0x00000000f9280000)
  to   space 22016K, 0% used [0x00000000f9d00000,0x00000000f9d00000,0x00000000fb280000)
 ParOldGen       total 52736K, used 42659K [0x00000000c0000000, 0x00000000c3380000, 0x00000000eab00000)
  object space 52736K, 80% used [0x00000000c0000000,0x00000000c29a8e08,0x00000000c3380000)
 Metaspace       used 56988K, capacity 59244K, committed 59776K, reserved 1101824K
  class space    used 7758K, capacity 8218K, committed 8320K, reserved 1048576K
}

Deoptimization events (10 events):
Event: 2264.966 Thread 0x000000005a252000 Uncommon trap: reason=unstable_if action=reinterpret pc=0x000000000378c548 method=com.sun.org.apache.xerces.internal.impl.XMLEntityScanner.scanQName(Lcom/sun/org/apache/xerces/internal/xni/QName;)Z @ 261
Event: 2264.967 Thread 0x000000005a252000 Uncommon trap: reason=class_check action=maybe_recompile pc=0x0000000003c07a38 method=com.sun.org.apache.xerces.internal.parsers.AbstractSAXParser.characters(Lcom/sun/org/apache/xerces/internal/xni/XMLString;Lcom/sun/org/apache/xerces/internal/xni/AugmentaΩ:":Ô±°@
Event: 2264.967 Thread 0x000000005a252000 Uncommon trap: reason=class_check action=maybe_recompile pc=0x0000000003c07a38 method=com.sun.org.apache.xerces.internal.parsers.AbstractSAXParser.characters(Lcom/sun/org/apache/xerces/internal/xni/XMLString;Lcom/sun/org/apache/xerces/internal/xni/AugmentaôùEÔ±°@
Event: 2264.967 Thread 0x000000005a252000 Uncommon trap: reason=class_check action=maybe_recompile pc=0x0000000003c07a38 method=com.sun.org.apache.xerces.internal.parsers.AbstractSAXParser.characters(Lcom/sun/org/apache/xerces/internal/xni/XMLString;Lcom/sun/org/apache/xerces/internal/xni/Augmenta8BP?≤°@
Event: 2265.124 Thread 0x000000005a252000 Uncommon trap: reason=unstable_if action=reinterpret pc=0x0000000002bc1a74 method=java.util.regex.Pattern.append(II)V @ 6
Event: 2286.128 Thread 0x000000005a252000 Uncommon trap: reason=unstable_if action=reinterpret pc=0x0000000002825234 method=java.lang.StringCoding$StringDecoder.decode([BII)[C @ 20
Event: 2286.646 Thread 0x000000005a252000 Uncommon trap: reason=class_check action=maybe_recompile pc=0x0000000002dd21f8 method=java.util.zip.InflaterInputStream.read([BII)I @ 100
Event: 2289.843 Thread 0x000000005a252000 Uncommon trap: reason=class_check action=maybe_recompile pc=0x0000000002dd21f8 method=java.util.zip.InflaterInputStream.read([BII)I @ 100
Event: 2308.458 Thread 0x000000005a252000 Uncommon trap: reason=unstable_if action=reinterpret pc=0x00000000035046b0 method=sun.nio.cs.UTF_8$Decoder.decode([BII[C)I @ 30
Event: 2311.940 Thread 0x0000000059ef7800 Uncommon trap: reason=unstable_if action=reinterpret pc=0x000000000368dc9c method=java.util.regex.Matcher.appendReplacement(Ljava/lang/StringBuffer;Ljava/lang/String;)Ljava/util/regex/Matcher; @ 47

Internal exceptions (10 events):
Event: 2250.627 Thread 0x000000005a252000 Implicit null exception at 0x00000000033320ed to 0x00000000033377a1
Event: 2253.724 Thread 0x000000005a252000 Exception <a 'java/lang/NoSuchMethodError': <clinit>> (0x00000000f1692310) thrown at [C:\re\workspace\8-2-build-windows-amd64-cygwin\jdk8u72\5732\hotspot\src\share\vm\prims\jni.cpp, line 1591]
Event: 2253.725 Thread 0x000000005a252000 Exception <a 'java/lang/NoSuchMethodError': <clinit>> (0x00000000f169f300) thrown at [C:\re\workspace\8-2-build-windows-amd64-cygwin\jdk8u72\5732\hotspot\src\share\vm\prims\jni.cpp, line 1591]
Event: 2254.095 Thread 0x000000005a252000 Exception <a 'java/lang/NoSuchMethodError': <clinit>> (0x00000000f17a1d70) thrown at [C:\re\workspace\8-2-build-windows-amd64-cygwin\jdk8u72\5732\hotspot\src\share\vm\prims\jni.cpp, line 1591]
Event: 2254.115 Thread 0x000000005a252000 Exception <a 'java/lang/NoSuchMethodError': <clinit>> (0x00000000f17ba980) thrown at [C:\re\workspace\8-2-build-windows-amd64-cygwin\jdk8u72\5732\hotspot\src\share\vm\prims\jni.cpp, line 1591]
Event: 2254.115 Thread 0x000000005a252000 Exception <a 'java/lang/NoSuchMethodError': <clinit>> (0x00000000f17bbe98) thrown at [C:\re\workspace\8-2-build-windows-amd64-cygwin\jdk8u72\5732\hotspot\src\share\vm\prims\jni.cpp, line 1591]
Event: 2264.031 Thread 0x000000005a252000 Exception <a 'java/lang/NoSuchMethodError': <clinit>> (0x00000000f2224d30) thrown at [C:\re\workspace\8-2-build-windows-amd64-cygwin\jdk8u72\5732\hotspot\src\share\vm\prims\jni.cpp, line 1591]
Event: 2285.949 Thread 0x000000005a252000 Exception <a 'java/lang/ClassNotFoundException': com/android/build/gradle/internal/LibraryCache$1BeanInfo> (0x00000000f2d88ce0) thrown at [C:\re\workspace\8-2-build-windows-amd64-cygwin\jdk8u72\5732\hotspot\src\share\vm\classfile\systemDictionary.cpp, lineXSYÊ€°@
Event: 2285.949 Thread 0x000000005a252000 Exception <a 'java/lang/ClassNotFoundException': com/android/build/gradle/internal/LibraryCache$1Customizer> (0x00000000f2d99578) thrown at [C:\re\workspace\8-2-build-windows-amd64-cygwin\jdk8u72\5732\hotspot\src\share\vm\classfile\systemDictionary.cpp, liÙl¶T¢@
Event: 2313.165 Thread 0x0000000057c28000 Exception <a 'java/io/IOException': CreateProcess error=1455, The paging file is too small for this operation to complete> (0x00000000f4ed72c8) thrown at [C:\re\workspace\8-2-build-windows-amd64-cygwin\jdk8u72\5732\hotspot\src\share\vm\prims\jni.cpp, line léÀ@ï°@

Events (10 events):
Event: 2312.824 Thread 0x000000005b392800 Thread added: 0x000000005b392800
Event: 2312.849 Thread 0x000000005a0fe000 Thread added: 0x000000005a0fe000
Event: 2312.856 Thread 0x000000005a0ff000 Thread added: 0x000000005a0ff000
Event: 2312.856 Thread 0x000000005a0ff800 Thread added: 0x000000005a0ff800
Event: 2312.946 Thread 0x000000005a100800 Thread added: 0x000000005a100800
Event: 2312.949 Thread 0x000000005a101000 Thread added: 0x000000005a101000
Event: 2313.050 Thread 0x000000005a102000 Thread added: 0x000000005a102000
Event: 2313.083 Thread 0x000000005a102800 Thread added: 0x000000005a102800
Event: 2313.166 loading class java/lang/Throwable$WrappedPrintStream
Event: 2313.181 loading class java/lang/Throwable$WrappedPrintStream done


Dynamic libraries:
0x000000013fc50000 - 0x000000013fc87000 	C:\Program Files\Java\jdk1.8.0_72\bin\java.exe
0x00000000777d0000 - 0x0000000077979000 	C:\Windows\SYSTEM32\ntdll.dll
0x00000000775b0000 - 0x00000000776cf000 	C:\Windows\system32\kernel32.dll
0x000007fefd9a0000 - 0x000007fefda0b000 	C:\Windows\system32\KERNELBASE.dll
0x000007fefe420000 - 0x000007fefe4fb000 	C:\Windows\system32\ADVAPI32.dll
0x000007feff960000 - 0x000007feff9ff000 	C:\Windows\system32\msvcrt.dll
0x000007fefe550000 - 0x000007fefe56f000 	C:\Windows\SYSTEM32\sechost.dll
0x000007fefdf70000 - 0x000007fefe09d000 	C:\Windows\system32\RPCRT4.dll
0x00000000776d0000 - 0x00000000777ca000 	C:\Windows\system32\USER32.dll
0x000007fefe380000 - 0x000007fefe3e7000 	C:\Windows\system32\GDI32.dll
0x000007feff430000 - 0x000007feff43e000 	C:\Windows\system32\LPK.dll
0x000007feff360000 - 0x000007feff429000 	C:\Windows\system32\USP10.dll
0x000007fefc1e0000 - 0x000007fefc3d4000 	C:\Windows\WinSxS\amd64_microsoft.windows.common-controls_6595b64144ccf1df_6.0.7601.17514_none_fa396087175ac9ac\COMCTL32.dll
0x000007fefe0a0000 - 0x000007fefe111000 	C:\Windows\system32\SHLWAPI.dll
0x000007fefe3f0000 - 0x000007fefe41e000 	C:\Windows\system32\IMM32.DLL
0x000007fefe120000 - 0x000007fefe229000 	C:\Windows\system32\MSCTF.dll
0x00000000675f0000 - 0x00000000676c2000 	C:\Program Files\Java\jdk1.8.0_72\jre\bin\msvcr100.dll
0x000000005dcf0000 - 0x000000005e580000 	C:\Program Files\Java\jdk1.8.0_72\jre\bin\server\jvm.dll
0x000007fef8380000 - 0x000007fef8389000 	C:\Windows\system32\WSOCK32.dll
0x000007fefe500000 - 0x000007fefe54d000 	C:\Windows\system32\WS2_32.dll
0x000007feff650000 - 0x000007feff658000 	C:\Windows\system32\NSI.dll
0x000007fef9da0000 - 0x000007fef9ddb000 	C:\Windows\system32\WINMM.dll
0x000007fefc870000 - 0x000007fefc87c000 	C:\Windows\system32\VERSION.dll
0x00000000779a0000 - 0x00000000779a7000 	C:\Windows\system32\PSAPI.DLL
0x00000000675e0000 - 0x00000000675ef000 	C:\Program Files\Java\jdk1.8.0_72\jre\bin\verify.dll
0x00000000675a0000 - 0x00000000675c9000 	C:\Program Files\Java\jdk1.8.0_72\jre\bin\java.dll
0x0000000067580000 - 0x0000000067596000 	C:\Program Files\Java\jdk1.8.0_72\jre\bin\zip.dll
0x000007fefe5d0000 - 0x000007feff358000 	C:\Windows\system32\SHELL32.dll
0x000007feff440000 - 0x000007feff643000 	C:\Windows\system32\ole32.dll
0x000007fefd720000 - 0x000007fefd72f000 	C:\Windows\system32\profapi.dll
0x0000000066a40000 - 0x0000000066a5a000 	C:\Program Files\Java\jdk1.8.0_72\jre\bin\net.dll
0x000007fefcf50000 - 0x000007fefcfa5000 	C:\Windows\system32\mswsock.dll
0x000007fefcf40000 - 0x000007fefcf47000 	C:\Windows\System32\wship6.dll
0x0000000066950000 - 0x0000000066961000 	C:\Program Files\Java\jdk1.8.0_72\jre\bin\nio.dll
0x000007fef4230000 - 0x000007fef4242000 	C:\Users\a\.gradle\native\19\windows-amd64\native-platform.dll
0x000007fefcfb0000 - 0x000007fefcfc7000 	C:\Windows\system32\CRYPTSP.dll
0x000007fefccb0000 - 0x000007fefccf7000 	C:\Windows\system32\rsaenh.dll
0x000007fefca60000 - 0x000007fefca7e000 	C:\Windows\system32\USERENV.dll
0x000007fefd610000 - 0x000007fefd61f000 	C:\Windows\system32\CRYPTBASE.dll
0x000007fefb110000 - 0x000007fefb137000 	C:\Windows\system32\IPHLPAPI.DLL
0x000007fefb0d0000 - 0x000007fefb0db000 	C:\Windows\system32\WINNSI.DLL
0x000007fefaf80000 - 0x000007fefaf91000 	C:\Windows\system32\dhcpcsvc6.DLL
0x000007fefaf00000 - 0x000007fefaf18000 	C:\Windows\system32\dhcpcsvc.DLL
0x0000000067570000 - 0x000000006757d000 	C:\Program Files\Java\jdk1.8.0_72\jre\bin\management.dll
0x000007fefd5b0000 - 0x000007fefd607000 	C:\Windows\system32\apphelp.dll

VM Arguments:
jvm_args: -XX:MaxPermSize=256m -XX:+HeapDumpOnOutOfMemoryError -Xmx1024m -Dfile.encoding=windows-1256 -Duser.country=US -Duser.language=en -Duser.variant 
java_command: org.gradle.launcher.daemon.bootstrap.GradleDaemon 2.14.1
java_class_path (initial): C:\Program Files\Android\Android Studio\gradle\gradle-2.14.1\lib\gradle-launcher-2.14.1.jar
Launcher Type: SUN_STANDARD

Environment Variables:
PATH=C:\ProgramData\Oracle\Java\javapath;C:\Windows\system32;C:\Windows;C:\Windows\System32\Wbem;C:\Windows\System32\WindowsPowerShell\v1.0\;C:\SysGCC\arm-elf\bin;C:\Git\cmd
USERNAME=a
OS=Windows_NT
PROCESSOR_IDENTIFIER=Intel64 Family 6 Model 15 Stepping 11, GenuineIntel



---------------  S Y S T E M  ---------------

OS: Windows 7 , 64 bit Build 7601 (6.1.7601.17514)

CPU:total 2 (2 cores per cpu, 1 threads per core) family 6 model 15 stepping 11, cmov, cx8, fxsr, mmx, sse, sse2, sse3, ssse3, tsc, tscinvbit

Memory: 4k page, physical 3914696k(176108k free), swap 7337376k(4368k free)

vm_info: Java HotSpot(TM) 64-Bit Server VM (25.72-b15) for windows-amd64 JRE (1.8.0_72-b15), built on Dec 22 2015 19:16:16 by "java_re" with MS VC++ 10.0 (VS2010)

time: Sat Jan 21 05:06:53 2017
elapsed time: 2313 seconds (0d 0h 38m 33s)

